nohup: ignoring input
Running comprehensive evaluation for all configurations...

Results will be saved to: /home/datpham-nuoa/dev/fungal-cv-qdrant/results/run_20260116_184101_k7


============================================================
Run 1/84
Extractor: ResNet50
Strategy: UNI
Environment: E1
============================================================

Evaluating Penicillium aurantiogriseum (Strain: DTO 469-I5)...
  Found 6 test sets for DTO 469-I5
Evaluating Penicillium polonicum (Strain: DTO 148-D1)...
  Found 6 test sets for DTO 148-D1
Evaluating Penicillium neoechinulatum (Strain: DTO 217-D9)...
  Found 6 test sets for DTO 217-D9
Evaluating Penicillium melanoconidium (Strain: DTO 158-D1)...
  Found 6 test sets for DTO 158-D1
Evaluating Penicillium viridicatum (Strain: DTO 163-I2)...
  Found 6 test sets for DTO 163-I2
Evaluating Penicillium freii (Strain: DTO 469-I4)...
  Found 6 test sets for DTO 469-I4
Evaluating Penicillium tricolor (Strain: DTO 470-I9)...
  Found 6 test sets for DTO 470-I9

============================================================
Run 2/84
Extractor: ResNet50
Strategy: UNI
Environment: all
============================================================

Evaluating Penicillium aurantiogriseum (Strain: DTO 469-I5)...
  Found 6 test sets for DTO 469-I5
Evaluating Penicillium polonicum (Strain: DTO 148-D1)...
  Found 6 test sets for DTO 148-D1
Evaluating Penicillium neoechinulatum (Strain: DTO 217-D9)...
  Found 6 test sets for DTO 217-D9
Evaluating Penicillium melanoconidium (Strain: DTO 158-D1)...
  Found 6 test sets for DTO 158-D1
Evaluating Penicillium viridicatum (Strain: DTO 163-I2)...
  Found 6 test sets for DTO 163-I2
Evaluating Penicillium freii (Strain: DTO 469-I4)...
  Found 6 test sets for DTO 469-I4
Evaluating Penicillium tricolor (Strain: DTO 470-I9)...
  Found 6 test sets for DTO 470-I9

============================================================
Run 3/84
Extractor: ResNet50
Strategy: UNI
Environment: E3_MEA
============================================================

Evaluating Penicillium aurantiogriseum (Strain: DTO 469-I5)...
  Found 6 test sets for DTO 469-I5
Evaluating Penicillium polonicum (Strain: DTO 148-D1)...
  Found 6 test sets for DTO 148-D1
Evaluating Penicillium neoechinulatum (Strain: DTO 217-D9)...
  Found 6 test sets for DTO 217-D9
Evaluating Penicillium melanoconidium (Strain: DTO 158-D1)...
  Found 6 test sets for DTO 158-D1
Evaluating Penicillium viridicatum (Strain: DTO 163-I2)...
  Found 6 test sets for DTO 163-I2
Evaluating Penicillium freii (Strain: DTO 469-I4)...
  Found 6 test sets for DTO 469-I4
Evaluating Penicillium tricolor (Strain: DTO 470-I9)...
  Found 6 test sets for DTO 470-I9

============================================================
Run 4/84
Extractor: ResNet50
Strategy: UNI
Environment: E3_DG18
============================================================

Evaluating Penicillium aurantiogriseum (Strain: DTO 469-I5)...
  Found 6 test sets for DTO 469-I5
Evaluating Penicillium polonicum (Strain: DTO 148-D1)...
  Found 6 test sets for DTO 148-D1
Evaluating Penicillium neoechinulatum (Strain: DTO 217-D9)...
  Found 6 test sets for DTO 217-D9
Evaluating Penicillium melanoconidium (Strain: DTO 158-D1)...
  Found 6 test sets for DTO 158-D1
Evaluating Penicillium viridicatum (Strain: DTO 163-I2)...
  Found 6 test sets for DTO 163-I2
Evaluating Penicillium freii (Strain: DTO 469-I4)...
  Found 6 test sets for DTO 469-I4
Evaluating Penicillium tricolor (Strain: DTO 470-I9)...
  Found 6 test sets for DTO 470-I9

============================================================
Run 5/84
Extractor: ResNet50
Strategy: UNI
Environment: E4_MEA
============================================================

Evaluating Penicillium aurantiogriseum (Strain: DTO 469-I5)...
  Found 6 test sets for DTO 469-I5
Evaluating Penicillium polonicum (Strain: DTO 148-D1)...
  Found 6 test sets for DTO 148-D1
Evaluating Penicillium neoechinulatum (Strain: DTO 217-D9)...
  Found 6 test sets for DTO 217-D9
Evaluating Penicillium melanoconidium (Strain: DTO 158-D1)...
  Found 6 test sets for DTO 158-D1
Evaluating Penicillium viridicatum (Strain: DTO 163-I2)...
  Found 6 test sets for DTO 163-I2
Evaluating Penicillium freii (Strain: DTO 469-I4)...
  Found 6 test sets for DTO 469-I4
Evaluating Penicillium tricolor (Strain: DTO 470-I9)...
  Found 6 test sets for DTO 470-I9

============================================================
Run 6/84
Extractor: ResNet50
Strategy: UNI
Environment: E4_DG18
============================================================

Evaluating Penicillium aurantiogriseum (Strain: DTO 469-I5)...
  Found 6 test sets for DTO 469-I5
Evaluating Penicillium polonicum (Strain: DTO 148-D1)...
  Found 6 test sets for DTO 148-D1
Evaluating Penicillium neoechinulatum (Strain: DTO 217-D9)...
  Found 6 test sets for DTO 217-D9
Evaluating Penicillium melanoconidium (Strain: DTO 158-D1)...
  Found 6 test sets for DTO 158-D1
Evaluating Penicillium viridicatum (Strain: DTO 163-I2)...
  Found 6 test sets for DTO 163-I2
Evaluating Penicillium freii (Strain: DTO 469-I4)...
  Found 6 test sets for DTO 469-I4
Evaluating Penicillium tricolor (Strain: DTO 470-I9)...
  Found 6 test sets for DTO 470-I9

============================================================
Run 7/84
Extractor: ResNet50
Strategy: WEIGHTED
Environment: E1
============================================================

Evaluating Penicillium aurantiogriseum (Strain: DTO 469-I5)...
  Found 6 test sets for DTO 469-I5
Evaluating Penicillium polonicum (Strain: DTO 148-D1)...
  Found 6 test sets for DTO 148-D1
Evaluating Penicillium neoechinulatum (Strain: DTO 217-D9)...
  Found 6 test sets for DTO 217-D9
Evaluating Penicillium melanoconidium (Strain: DTO 158-D1)...
  Found 6 test sets for DTO 158-D1
Evaluating Penicillium viridicatum (Strain: DTO 163-I2)...
  Found 6 test sets for DTO 163-I2
Evaluating Penicillium freii (Strain: DTO 469-I4)...
  Found 6 test sets for DTO 469-I4
Evaluating Penicillium tricolor (Strain: DTO 470-I9)...
  Found 6 test sets for DTO 470-I9

============================================================
Run 8/84
Extractor: ResNet50
Strategy: WEIGHTED
Environment: all
============================================================

Evaluating Penicillium aurantiogriseum (Strain: DTO 469-I5)...
  Found 6 test sets for DTO 469-I5
Evaluating Penicillium polonicum (Strain: DTO 148-D1)...
  Found 6 test sets for DTO 148-D1
Evaluating Penicillium neoechinulatum (Strain: DTO 217-D9)...
  Found 6 test sets for DTO 217-D9
Evaluating Penicillium melanoconidium (Strain: DTO 158-D1)...
  Found 6 test sets for DTO 158-D1
Evaluating Penicillium viridicatum (Strain: DTO 163-I2)...
  Found 6 test sets for DTO 163-I2
Evaluating Penicillium freii (Strain: DTO 469-I4)...
  Found 6 test sets for DTO 469-I4
Evaluating Penicillium tricolor (Strain: DTO 470-I9)...
  Found 6 test sets for DTO 470-I9

============================================================
Run 9/84
Extractor: ResNet50
Strategy: WEIGHTED
Environment: E3_MEA
============================================================

Evaluating Penicillium aurantiogriseum (Strain: DTO 469-I5)...
  Found 6 test sets for DTO 469-I5
Evaluating Penicillium polonicum (Strain: DTO 148-D1)...
  Found 6 test sets for DTO 148-D1
Evaluating Penicillium neoechinulatum (Strain: DTO 217-D9)...
  Found 6 test sets for DTO 217-D9
Evaluating Penicillium melanoconidium (Strain: DTO 158-D1)...
  Found 6 test sets for DTO 158-D1
Evaluating Penicillium viridicatum (Strain: DTO 163-I2)...
  Found 6 test sets for DTO 163-I2
Evaluating Penicillium freii (Strain: DTO 469-I4)...
  Found 6 test sets for DTO 469-I4
Evaluating Penicillium tricolor (Strain: DTO 470-I9)...
  Found 6 test sets for DTO 470-I9

============================================================
Run 10/84
Extractor: ResNet50
Strategy: WEIGHTED
Environment: E3_DG18
============================================================

Evaluating Penicillium aurantiogriseum (Strain: DTO 469-I5)...
  Found 6 test sets for DTO 469-I5
Evaluating Penicillium polonicum (Strain: DTO 148-D1)...
  Found 6 test sets for DTO 148-D1
Evaluating Penicillium neoechinulatum (Strain: DTO 217-D9)...
  Found 6 test sets for DTO 217-D9
Evaluating Penicillium melanoconidium (Strain: DTO 158-D1)...
  Found 6 test sets for DTO 158-D1
Evaluating Penicillium viridicatum (Strain: DTO 163-I2)...
  Found 6 test sets for DTO 163-I2
Evaluating Penicillium freii (Strain: DTO 469-I4)...
  Found 6 test sets for DTO 469-I4
Evaluating Penicillium tricolor (Strain: DTO 470-I9)...
  Found 6 test sets for DTO 470-I9

============================================================
Run 11/84
Extractor: ResNet50
Strategy: WEIGHTED
Environment: E4_MEA
============================================================

Evaluating Penicillium aurantiogriseum (Strain: DTO 469-I5)...
  Found 6 test sets for DTO 469-I5
Evaluating Penicillium polonicum (Strain: DTO 148-D1)...
  Found 6 test sets for DTO 148-D1
Evaluating Penicillium neoechinulatum (Strain: DTO 217-D9)...
  Found 6 test sets for DTO 217-D9
Evaluating Penicillium melanoconidium (Strain: DTO 158-D1)...
  Found 6 test sets for DTO 158-D1
Evaluating Penicillium viridicatum (Strain: DTO 163-I2)...
  Found 6 test sets for DTO 163-I2
Evaluating Penicillium freii (Strain: DTO 469-I4)...
  Found 6 test sets for DTO 469-I4
Evaluating Penicillium tricolor (Strain: DTO 470-I9)...
  Found 6 test sets for DTO 470-I9

============================================================
Run 12/84
Extractor: ResNet50
Strategy: WEIGHTED
Environment: E4_DG18
============================================================

Evaluating Penicillium aurantiogriseum (Strain: DTO 469-I5)...
  Found 6 test sets for DTO 469-I5
Evaluating Penicillium polonicum (Strain: DTO 148-D1)...
  Found 6 test sets for DTO 148-D1
Evaluating Penicillium neoechinulatum (Strain: DTO 217-D9)...
  Found 6 test sets for DTO 217-D9
Evaluating Penicillium melanoconidium (Strain: DTO 158-D1)...
  Found 6 test sets for DTO 158-D1
Evaluating Penicillium viridicatum (Strain: DTO 163-I2)...
  Found 6 test sets for DTO 163-I2
Evaluating Penicillium freii (Strain: DTO 469-I4)...
  Found 6 test sets for DTO 469-I4
Evaluating Penicillium tricolor (Strain: DTO 470-I9)...
  Found 6 test sets for DTO 470-I9

============================================================
Run 13/84
Extractor: MobileNetV2
Strategy: UNI
Environment: E1
============================================================

Evaluating Penicillium aurantiogriseum (Strain: DTO 469-I5)...
  Found 6 test sets for DTO 469-I5
Evaluating Penicillium polonicum (Strain: DTO 148-D1)...
  Found 6 test sets for DTO 148-D1
Evaluating Penicillium neoechinulatum (Strain: DTO 217-D9)...
  Found 6 test sets for DTO 217-D9
Evaluating Penicillium melanoconidium (Strain: DTO 158-D1)...
  Found 6 test sets for DTO 158-D1
Evaluating Penicillium viridicatum (Strain: DTO 163-I2)...
  Found 6 test sets for DTO 163-I2
Evaluating Penicillium freii (Strain: DTO 469-I4)...
  Found 6 test sets for DTO 469-I4
Evaluating Penicillium tricolor (Strain: DTO 470-I9)...
  Found 6 test sets for DTO 470-I9

============================================================
Run 14/84
Extractor: MobileNetV2
Strategy: UNI
Environment: all
============================================================

Evaluating Penicillium aurantiogriseum (Strain: DTO 469-I5)...
  Found 6 test sets for DTO 469-I5
Evaluating Penicillium polonicum (Strain: DTO 148-D1)...
  Found 6 test sets for DTO 148-D1
Evaluating Penicillium neoechinulatum (Strain: DTO 217-D9)...
  Found 6 test sets for DTO 217-D9
Evaluating Penicillium melanoconidium (Strain: DTO 158-D1)...
  Found 6 test sets for DTO 158-D1
Evaluating Penicillium viridicatum (Strain: DTO 163-I2)...
  Found 6 test sets for DTO 163-I2
Evaluating Penicillium freii (Strain: DTO 469-I4)...
  Found 6 test sets for DTO 469-I4
Evaluating Penicillium tricolor (Strain: DTO 470-I9)...
  Found 6 test sets for DTO 470-I9

============================================================
Run 15/84
Extractor: MobileNetV2
Strategy: UNI
Environment: E3_MEA
============================================================

Evaluating Penicillium aurantiogriseum (Strain: DTO 469-I5)...
  Found 6 test sets for DTO 469-I5
Evaluating Penicillium polonicum (Strain: DTO 148-D1)...
  Found 6 test sets for DTO 148-D1
Evaluating Penicillium neoechinulatum (Strain: DTO 217-D9)...
  Found 6 test sets for DTO 217-D9
Evaluating Penicillium melanoconidium (Strain: DTO 158-D1)...
  Found 6 test sets for DTO 158-D1
Evaluating Penicillium viridicatum (Strain: DTO 163-I2)...
  Found 6 test sets for DTO 163-I2
Evaluating Penicillium freii (Strain: DTO 469-I4)...
  Found 6 test sets for DTO 469-I4
Evaluating Penicillium tricolor (Strain: DTO 470-I9)...
  Found 6 test sets for DTO 470-I9

============================================================
Run 16/84
Extractor: MobileNetV2
Strategy: UNI
Environment: E3_DG18
============================================================

Evaluating Penicillium aurantiogriseum (Strain: DTO 469-I5)...
  Found 6 test sets for DTO 469-I5
Evaluating Penicillium polonicum (Strain: DTO 148-D1)...
  Found 6 test sets for DTO 148-D1
Evaluating Penicillium neoechinulatum (Strain: DTO 217-D9)...
  Found 6 test sets for DTO 217-D9
Evaluating Penicillium melanoconidium (Strain: DTO 158-D1)...
  Found 6 test sets for DTO 158-D1
Evaluating Penicillium viridicatum (Strain: DTO 163-I2)...
  Found 6 test sets for DTO 163-I2
Evaluating Penicillium freii (Strain: DTO 469-I4)...
  Found 6 test sets for DTO 469-I4
Evaluating Penicillium tricolor (Strain: DTO 470-I9)...
  Found 6 test sets for DTO 470-I9

============================================================
Run 17/84
Extractor: MobileNetV2
Strategy: UNI
Environment: E4_MEA
============================================================

Evaluating Penicillium aurantiogriseum (Strain: DTO 469-I5)...
  Found 6 test sets for DTO 469-I5
Evaluating Penicillium polonicum (Strain: DTO 148-D1)...
  Found 6 test sets for DTO 148-D1
Evaluating Penicillium neoechinulatum (Strain: DTO 217-D9)...
  Found 6 test sets for DTO 217-D9
Evaluating Penicillium melanoconidium (Strain: DTO 158-D1)...
  Found 6 test sets for DTO 158-D1
Evaluating Penicillium viridicatum (Strain: DTO 163-I2)...
  Found 6 test sets for DTO 163-I2
Evaluating Penicillium freii (Strain: DTO 469-I4)...
  Found 6 test sets for DTO 469-I4
Evaluating Penicillium tricolor (Strain: DTO 470-I9)...
  Found 6 test sets for DTO 470-I9

============================================================
Run 18/84
Extractor: MobileNetV2
Strategy: UNI
Environment: E4_DG18
============================================================

Evaluating Penicillium aurantiogriseum (Strain: DTO 469-I5)...
  Found 6 test sets for DTO 469-I5
Evaluating Penicillium polonicum (Strain: DTO 148-D1)...
  Found 6 test sets for DTO 148-D1
Evaluating Penicillium neoechinulatum (Strain: DTO 217-D9)...
  Found 6 test sets for DTO 217-D9
Evaluating Penicillium melanoconidium (Strain: DTO 158-D1)...
  Found 6 test sets for DTO 158-D1
Evaluating Penicillium viridicatum (Strain: DTO 163-I2)...
  Found 6 test sets for DTO 163-I2
Evaluating Penicillium freii (Strain: DTO 469-I4)...
  Found 6 test sets for DTO 469-I4
Evaluating Penicillium tricolor (Strain: DTO 470-I9)...
  Found 6 test sets for DTO 470-I9

============================================================
Run 19/84
Extractor: MobileNetV2
Strategy: WEIGHTED
Environment: E1
============================================================

Evaluating Penicillium aurantiogriseum (Strain: DTO 469-I5)...
  Found 6 test sets for DTO 469-I5
Evaluating Penicillium polonicum (Strain: DTO 148-D1)...
  Found 6 test sets for DTO 148-D1
Evaluating Penicillium neoechinulatum (Strain: DTO 217-D9)...
  Found 6 test sets for DTO 217-D9
Evaluating Penicillium melanoconidium (Strain: DTO 158-D1)...
  Found 6 test sets for DTO 158-D1
Evaluating Penicillium viridicatum (Strain: DTO 163-I2)...
  Found 6 test sets for DTO 163-I2
Evaluating Penicillium freii (Strain: DTO 469-I4)...
  Found 6 test sets for DTO 469-I4
Evaluating Penicillium tricolor (Strain: DTO 470-I9)...
  Found 6 test sets for DTO 470-I9

============================================================
Run 20/84
Extractor: MobileNetV2
Strategy: WEIGHTED
Environment: all
============================================================

Evaluating Penicillium aurantiogriseum (Strain: DTO 469-I5)...
  Found 6 test sets for DTO 469-I5
Evaluating Penicillium polonicum (Strain: DTO 148-D1)...
  Found 6 test sets for DTO 148-D1
Evaluating Penicillium neoechinulatum (Strain: DTO 217-D9)...
  Found 6 test sets for DTO 217-D9
Evaluating Penicillium melanoconidium (Strain: DTO 158-D1)...
  Found 6 test sets for DTO 158-D1
Evaluating Penicillium viridicatum (Strain: DTO 163-I2)...
  Found 6 test sets for DTO 163-I2
Evaluating Penicillium freii (Strain: DTO 469-I4)...
  Found 6 test sets for DTO 469-I4
Evaluating Penicillium tricolor (Strain: DTO 470-I9)...
  Found 6 test sets for DTO 470-I9

============================================================
Run 21/84
Extractor: MobileNetV2
Strategy: WEIGHTED
Environment: E3_MEA
============================================================

Evaluating Penicillium aurantiogriseum (Strain: DTO 469-I5)...
  Found 6 test sets for DTO 469-I5
Evaluating Penicillium polonicum (Strain: DTO 148-D1)...
  Found 6 test sets for DTO 148-D1
Evaluating Penicillium neoechinulatum (Strain: DTO 217-D9)...
  Found 6 test sets for DTO 217-D9
Evaluating Penicillium melanoconidium (Strain: DTO 158-D1)...
  Found 6 test sets for DTO 158-D1
Evaluating Penicillium viridicatum (Strain: DTO 163-I2)...
  Found 6 test sets for DTO 163-I2
Evaluating Penicillium freii (Strain: DTO 469-I4)...
  Found 6 test sets for DTO 469-I4
Evaluating Penicillium tricolor (Strain: DTO 470-I9)...
  Found 6 test sets for DTO 470-I9

============================================================
Run 22/84
Extractor: MobileNetV2
Strategy: WEIGHTED
Environment: E3_DG18
============================================================

Evaluating Penicillium aurantiogriseum (Strain: DTO 469-I5)...
  Found 6 test sets for DTO 469-I5
Evaluating Penicillium polonicum (Strain: DTO 148-D1)...
  Found 6 test sets for DTO 148-D1
Evaluating Penicillium neoechinulatum (Strain: DTO 217-D9)...
  Found 6 test sets for DTO 217-D9
Evaluating Penicillium melanoconidium (Strain: DTO 158-D1)...
  Found 6 test sets for DTO 158-D1
Evaluating Penicillium viridicatum (Strain: DTO 163-I2)...
  Found 6 test sets for DTO 163-I2
Evaluating Penicillium freii (Strain: DTO 469-I4)...
  Found 6 test sets for DTO 469-I4
Evaluating Penicillium tricolor (Strain: DTO 470-I9)...
  Found 6 test sets for DTO 470-I9

============================================================
Run 23/84
Extractor: MobileNetV2
Strategy: WEIGHTED
Environment: E4_MEA
============================================================

Evaluating Penicillium aurantiogriseum (Strain: DTO 469-I5)...
  Found 6 test sets for DTO 469-I5
Evaluating Penicillium polonicum (Strain: DTO 148-D1)...
  Found 6 test sets for DTO 148-D1
Evaluating Penicillium neoechinulatum (Strain: DTO 217-D9)...
  Found 6 test sets for DTO 217-D9
Evaluating Penicillium melanoconidium (Strain: DTO 158-D1)...
  Found 6 test sets for DTO 158-D1
Evaluating Penicillium viridicatum (Strain: DTO 163-I2)...
  Found 6 test sets for DTO 163-I2
Evaluating Penicillium freii (Strain: DTO 469-I4)...
  Found 6 test sets for DTO 469-I4
Evaluating Penicillium tricolor (Strain: DTO 470-I9)...
  Found 6 test sets for DTO 470-I9

============================================================
Run 24/84
Extractor: MobileNetV2
Strategy: WEIGHTED
Environment: E4_DG18
============================================================

Evaluating Penicillium aurantiogriseum (Strain: DTO 469-I5)...
  Found 6 test sets for DTO 469-I5
Evaluating Penicillium polonicum (Strain: DTO 148-D1)...
  Found 6 test sets for DTO 148-D1
Evaluating Penicillium neoechinulatum (Strain: DTO 217-D9)...
  Found 6 test sets for DTO 217-D9
Evaluating Penicillium melanoconidium (Strain: DTO 158-D1)...
  Found 6 test sets for DTO 158-D1
Evaluating Penicillium viridicatum (Strain: DTO 163-I2)...
  Found 6 test sets for DTO 163-I2
Evaluating Penicillium freii (Strain: DTO 469-I4)...
  Found 6 test sets for DTO 469-I4
Evaluating Penicillium tricolor (Strain: DTO 470-I9)...
  Found 6 test sets for DTO 470-I9

============================================================
Run 25/84
Extractor: EfficientNetB1
Strategy: UNI
Environment: E1
============================================================

Evaluating Penicillium aurantiogriseum (Strain: DTO 469-I5)...
  Found 6 test sets for DTO 469-I5
Evaluating Penicillium polonicum (Strain: DTO 148-D1)...
  Found 6 test sets for DTO 148-D1
Evaluating Penicillium neoechinulatum (Strain: DTO 217-D9)...
  Found 6 test sets for DTO 217-D9
Evaluating Penicillium melanoconidium (Strain: DTO 158-D1)...
  Found 6 test sets for DTO 158-D1
Evaluating Penicillium viridicatum (Strain: DTO 163-I2)...
  Found 6 test sets for DTO 163-I2
Evaluating Penicillium freii (Strain: DTO 469-I4)...
  Found 6 test sets for DTO 469-I4
Evaluating Penicillium tricolor (Strain: DTO 470-I9)...
  Found 6 test sets for DTO 470-I9

============================================================
Run 26/84
Extractor: EfficientNetB1
Strategy: UNI
Environment: all
============================================================

Evaluating Penicillium aurantiogriseum (Strain: DTO 469-I5)...
  Found 6 test sets for DTO 469-I5
Evaluating Penicillium polonicum (Strain: DTO 148-D1)...
  Found 6 test sets for DTO 148-D1
Evaluating Penicillium neoechinulatum (Strain: DTO 217-D9)...
  Found 6 test sets for DTO 217-D9
Evaluating Penicillium melanoconidium (Strain: DTO 158-D1)...
  Found 6 test sets for DTO 158-D1
Evaluating Penicillium viridicatum (Strain: DTO 163-I2)...
  Found 6 test sets for DTO 163-I2
Evaluating Penicillium freii (Strain: DTO 469-I4)...
  Found 6 test sets for DTO 469-I4
Evaluating Penicillium tricolor (Strain: DTO 470-I9)...
  Found 6 test sets for DTO 470-I9

============================================================
Run 27/84
Extractor: EfficientNetB1
Strategy: UNI
Environment: E3_MEA
============================================================

Evaluating Penicillium aurantiogriseum (Strain: DTO 469-I5)...
  Found 6 test sets for DTO 469-I5
Evaluating Penicillium polonicum (Strain: DTO 148-D1)...
  Found 6 test sets for DTO 148-D1
Evaluating Penicillium neoechinulatum (Strain: DTO 217-D9)...
  Found 6 test sets for DTO 217-D9
Evaluating Penicillium melanoconidium (Strain: DTO 158-D1)...
  Found 6 test sets for DTO 158-D1
Evaluating Penicillium viridicatum (Strain: DTO 163-I2)...
  Found 6 test sets for DTO 163-I2
Evaluating Penicillium freii (Strain: DTO 469-I4)...
  Found 6 test sets for DTO 469-I4
Evaluating Penicillium tricolor (Strain: DTO 470-I9)...
  Found 6 test sets for DTO 470-I9

============================================================
Run 28/84
Extractor: EfficientNetB1
Strategy: UNI
Environment: E3_DG18
============================================================

Evaluating Penicillium aurantiogriseum (Strain: DTO 469-I5)...
  Found 6 test sets for DTO 469-I5
Evaluating Penicillium polonicum (Strain: DTO 148-D1)...
  Found 6 test sets for DTO 148-D1
Evaluating Penicillium neoechinulatum (Strain: DTO 217-D9)...
  Found 6 test sets for DTO 217-D9
Evaluating Penicillium melanoconidium (Strain: DTO 158-D1)...
  Found 6 test sets for DTO 158-D1
Evaluating Penicillium viridicatum (Strain: DTO 163-I2)...
  Found 6 test sets for DTO 163-I2
Evaluating Penicillium freii (Strain: DTO 469-I4)...
  Found 6 test sets for DTO 469-I4
Evaluating Penicillium tricolor (Strain: DTO 470-I9)...
  Found 6 test sets for DTO 470-I9

============================================================
Run 29/84
Extractor: EfficientNetB1
Strategy: UNI
Environment: E4_MEA
============================================================

Evaluating Penicillium aurantiogriseum (Strain: DTO 469-I5)...
  Found 6 test sets for DTO 469-I5
Evaluating Penicillium polonicum (Strain: DTO 148-D1)...
  Found 6 test sets for DTO 148-D1
Evaluating Penicillium neoechinulatum (Strain: DTO 217-D9)...
  Found 6 test sets for DTO 217-D9
Evaluating Penicillium melanoconidium (Strain: DTO 158-D1)...
  Found 6 test sets for DTO 158-D1
Evaluating Penicillium viridicatum (Strain: DTO 163-I2)...
  Found 6 test sets for DTO 163-I2
Evaluating Penicillium freii (Strain: DTO 469-I4)...
  Found 6 test sets for DTO 469-I4
Evaluating Penicillium tricolor (Strain: DTO 470-I9)...
  Found 6 test sets for DTO 470-I9

============================================================
Run 30/84
Extractor: EfficientNetB1
Strategy: UNI
Environment: E4_DG18
============================================================

Evaluating Penicillium aurantiogriseum (Strain: DTO 469-I5)...
  Found 6 test sets for DTO 469-I5
Evaluating Penicillium polonicum (Strain: DTO 148-D1)...
  Found 6 test sets for DTO 148-D1
Evaluating Penicillium neoechinulatum (Strain: DTO 217-D9)...
  Found 6 test sets for DTO 217-D9
Evaluating Penicillium melanoconidium (Strain: DTO 158-D1)...
  Found 6 test sets for DTO 158-D1
Evaluating Penicillium viridicatum (Strain: DTO 163-I2)...
  Found 6 test sets for DTO 163-I2
Evaluating Penicillium freii (Strain: DTO 469-I4)...
  Found 6 test sets for DTO 469-I4
Evaluating Penicillium tricolor (Strain: DTO 470-I9)...
  Found 6 test sets for DTO 470-I9

============================================================
Run 31/84
Extractor: EfficientNetB1
Strategy: WEIGHTED
Environment: E1
============================================================

Evaluating Penicillium aurantiogriseum (Strain: DTO 469-I5)...
  Found 6 test sets for DTO 469-I5
Evaluating Penicillium polonicum (Strain: DTO 148-D1)...
  Found 6 test sets for DTO 148-D1
Evaluating Penicillium neoechinulatum (Strain: DTO 217-D9)...
  Found 6 test sets for DTO 217-D9
Evaluating Penicillium melanoconidium (Strain: DTO 158-D1)...
  Found 6 test sets for DTO 158-D1
Evaluating Penicillium viridicatum (Strain: DTO 163-I2)...
  Found 6 test sets for DTO 163-I2
Evaluating Penicillium freii (Strain: DTO 469-I4)...
  Found 6 test sets for DTO 469-I4
Evaluating Penicillium tricolor (Strain: DTO 470-I9)...
  Found 6 test sets for DTO 470-I9

============================================================
Run 32/84
Extractor: EfficientNetB1
Strategy: WEIGHTED
Environment: all
============================================================

Evaluating Penicillium aurantiogriseum (Strain: DTO 469-I5)...
  Found 6 test sets for DTO 469-I5
Evaluating Penicillium polonicum (Strain: DTO 148-D1)...
  Found 6 test sets for DTO 148-D1
Evaluating Penicillium neoechinulatum (Strain: DTO 217-D9)...
  Found 6 test sets for DTO 217-D9
Evaluating Penicillium melanoconidium (Strain: DTO 158-D1)...
  Found 6 test sets for DTO 158-D1
Evaluating Penicillium viridicatum (Strain: DTO 163-I2)...
  Found 6 test sets for DTO 163-I2
Evaluating Penicillium freii (Strain: DTO 469-I4)...
  Found 6 test sets for DTO 469-I4
Evaluating Penicillium tricolor (Strain: DTO 470-I9)...
  Found 6 test sets for DTO 470-I9

============================================================
Run 33/84
Extractor: EfficientNetB1
Strategy: WEIGHTED
Environment: E3_MEA
============================================================

Evaluating Penicillium aurantiogriseum (Strain: DTO 469-I5)...
  Found 6 test sets for DTO 469-I5
Evaluating Penicillium polonicum (Strain: DTO 148-D1)...
  Found 6 test sets for DTO 148-D1
Evaluating Penicillium neoechinulatum (Strain: DTO 217-D9)...
  Found 6 test sets for DTO 217-D9
Evaluating Penicillium melanoconidium (Strain: DTO 158-D1)...
  Found 6 test sets for DTO 158-D1
Evaluating Penicillium viridicatum (Strain: DTO 163-I2)...
  Found 6 test sets for DTO 163-I2
Evaluating Penicillium freii (Strain: DTO 469-I4)...
  Found 6 test sets for DTO 469-I4
Evaluating Penicillium tricolor (Strain: DTO 470-I9)...
  Found 6 test sets for DTO 470-I9

============================================================
Run 34/84
Extractor: EfficientNetB1
Strategy: WEIGHTED
Environment: E3_DG18
============================================================

Evaluating Penicillium aurantiogriseum (Strain: DTO 469-I5)...
  Found 6 test sets for DTO 469-I5
Evaluating Penicillium polonicum (Strain: DTO 148-D1)...
  Found 6 test sets for DTO 148-D1
Evaluating Penicillium neoechinulatum (Strain: DTO 217-D9)...
  Found 6 test sets for DTO 217-D9
Evaluating Penicillium melanoconidium (Strain: DTO 158-D1)...
  Found 6 test sets for DTO 158-D1
Evaluating Penicillium viridicatum (Strain: DTO 163-I2)...
  Found 6 test sets for DTO 163-I2
Evaluating Penicillium freii (Strain: DTO 469-I4)...
  Found 6 test sets for DTO 469-I4
Evaluating Penicillium tricolor (Strain: DTO 470-I9)...
  Found 6 test sets for DTO 470-I9

============================================================
Run 35/84
Extractor: EfficientNetB1
Strategy: WEIGHTED
Environment: E4_MEA
============================================================

Evaluating Penicillium aurantiogriseum (Strain: DTO 469-I5)...
  Found 6 test sets for DTO 469-I5
Evaluating Penicillium polonicum (Strain: DTO 148-D1)...
  Found 6 test sets for DTO 148-D1
Evaluating Penicillium neoechinulatum (Strain: DTO 217-D9)...
  Found 6 test sets for DTO 217-D9
Evaluating Penicillium melanoconidium (Strain: DTO 158-D1)...
  Found 6 test sets for DTO 158-D1
Evaluating Penicillium viridicatum (Strain: DTO 163-I2)...
  Found 6 test sets for DTO 163-I2
Evaluating Penicillium freii (Strain: DTO 469-I4)...
  Found 6 test sets for DTO 469-I4
Evaluating Penicillium tricolor (Strain: DTO 470-I9)...
  Found 6 test sets for DTO 470-I9

============================================================
Run 36/84
Extractor: EfficientNetB1
Strategy: WEIGHTED
Environment: E4_DG18
============================================================

Evaluating Penicillium aurantiogriseum (Strain: DTO 469-I5)...
  Found 6 test sets for DTO 469-I5
Evaluating Penicillium polonicum (Strain: DTO 148-D1)...
  Found 6 test sets for DTO 148-D1
Evaluating Penicillium neoechinulatum (Strain: DTO 217-D9)...
  Found 6 test sets for DTO 217-D9
Evaluating Penicillium melanoconidium (Strain: DTO 158-D1)...
  Found 6 test sets for DTO 158-D1
Evaluating Penicillium viridicatum (Strain: DTO 163-I2)...
  Found 6 test sets for DTO 163-I2
Evaluating Penicillium freii (Strain: DTO 469-I4)...
  Found 6 test sets for DTO 469-I4
Evaluating Penicillium tricolor (Strain: DTO 470-I9)...
  Found 6 test sets for DTO 470-I9

============================================================
Run 37/84
Extractor: HOG
Strategy: UNI
Environment: E1
============================================================

Evaluating Penicillium aurantiogriseum (Strain: DTO 469-I5)...
  Found 6 test sets for DTO 469-I5
Evaluating Penicillium polonicum (Strain: DTO 148-D1)...
  Found 6 test sets for DTO 148-D1
Evaluating Penicillium neoechinulatum (Strain: DTO 217-D9)...
  Found 6 test sets for DTO 217-D9
Evaluating Penicillium melanoconidium (Strain: DTO 158-D1)...
  Found 6 test sets for DTO 158-D1
Evaluating Penicillium viridicatum (Strain: DTO 163-I2)...
  Found 6 test sets for DTO 163-I2
Evaluating Penicillium freii (Strain: DTO 469-I4)...
  Found 6 test sets for DTO 469-I4
Evaluating Penicillium tricolor (Strain: DTO 470-I9)...
  Found 6 test sets for DTO 470-I9

============================================================
Run 38/84
Extractor: HOG
Strategy: UNI
Environment: all
============================================================

Evaluating Penicillium aurantiogriseum (Strain: DTO 469-I5)...
  Found 6 test sets for DTO 469-I5
Evaluating Penicillium polonicum (Strain: DTO 148-D1)...
  Found 6 test sets for DTO 148-D1
Evaluating Penicillium neoechinulatum (Strain: DTO 217-D9)...
  Found 6 test sets for DTO 217-D9
Evaluating Penicillium melanoconidium (Strain: DTO 158-D1)...
  Found 6 test sets for DTO 158-D1
Evaluating Penicillium viridicatum (Strain: DTO 163-I2)...
  Found 6 test sets for DTO 163-I2
Evaluating Penicillium freii (Strain: DTO 469-I4)...
  Found 6 test sets for DTO 469-I4
Evaluating Penicillium tricolor (Strain: DTO 470-I9)...
  Found 6 test sets for DTO 470-I9

============================================================
Run 39/84
Extractor: HOG
Strategy: UNI
Environment: E3_MEA
============================================================

Evaluating Penicillium aurantiogriseum (Strain: DTO 469-I5)...
  Found 6 test sets for DTO 469-I5
Evaluating Penicillium polonicum (Strain: DTO 148-D1)...
  Found 6 test sets for DTO 148-D1
Evaluating Penicillium neoechinulatum (Strain: DTO 217-D9)...
  Found 6 test sets for DTO 217-D9
Evaluating Penicillium melanoconidium (Strain: DTO 158-D1)...
  Found 6 test sets for DTO 158-D1
Evaluating Penicillium viridicatum (Strain: DTO 163-I2)...
  Found 6 test sets for DTO 163-I2
Evaluating Penicillium freii (Strain: DTO 469-I4)...
  Found 6 test sets for DTO 469-I4
Evaluating Penicillium tricolor (Strain: DTO 470-I9)...
  Found 6 test sets for DTO 470-I9

============================================================
Run 40/84
Extractor: HOG
Strategy: UNI
Environment: E3_DG18
============================================================

Evaluating Penicillium aurantiogriseum (Strain: DTO 469-I5)...
  Found 6 test sets for DTO 469-I5
Evaluating Penicillium polonicum (Strain: DTO 148-D1)...
  Found 6 test sets for DTO 148-D1
Evaluating Penicillium neoechinulatum (Strain: DTO 217-D9)...
  Found 6 test sets for DTO 217-D9
Evaluating Penicillium melanoconidium (Strain: DTO 158-D1)...
  Found 6 test sets for DTO 158-D1
Evaluating Penicillium viridicatum (Strain: DTO 163-I2)...
  Found 6 test sets for DTO 163-I2
Evaluating Penicillium freii (Strain: DTO 469-I4)...
  Found 6 test sets for DTO 469-I4
Evaluating Penicillium tricolor (Strain: DTO 470-I9)...
  Found 6 test sets for DTO 470-I9

============================================================
Run 41/84
Extractor: HOG
Strategy: UNI
Environment: E4_MEA
============================================================

Evaluating Penicillium aurantiogriseum (Strain: DTO 469-I5)...
  Found 6 test sets for DTO 469-I5
Evaluating Penicillium polonicum (Strain: DTO 148-D1)...
  Found 6 test sets for DTO 148-D1
Evaluating Penicillium neoechinulatum (Strain: DTO 217-D9)...
  Found 6 test sets for DTO 217-D9
Evaluating Penicillium melanoconidium (Strain: DTO 158-D1)...
  Found 6 test sets for DTO 158-D1
Evaluating Penicillium viridicatum (Strain: DTO 163-I2)...
  Found 6 test sets for DTO 163-I2
Evaluating Penicillium freii (Strain: DTO 469-I4)...
  Found 6 test sets for DTO 469-I4
Evaluating Penicillium tricolor (Strain: DTO 470-I9)...
  Found 6 test sets for DTO 470-I9

============================================================
Run 42/84
Extractor: HOG
Strategy: UNI
Environment: E4_DG18
============================================================

Evaluating Penicillium aurantiogriseum (Strain: DTO 469-I5)...
  Found 6 test sets for DTO 469-I5
Evaluating Penicillium polonicum (Strain: DTO 148-D1)...
  Found 6 test sets for DTO 148-D1
Evaluating Penicillium neoechinulatum (Strain: DTO 217-D9)...
  Found 6 test sets for DTO 217-D9
Evaluating Penicillium melanoconidium (Strain: DTO 158-D1)...
  Found 6 test sets for DTO 158-D1
Evaluating Penicillium viridicatum (Strain: DTO 163-I2)...
  Found 6 test sets for DTO 163-I2
Evaluating Penicillium freii (Strain: DTO 469-I4)...
  Found 6 test sets for DTO 469-I4
Evaluating Penicillium tricolor (Strain: DTO 470-I9)...
  Found 6 test sets for DTO 470-I9

============================================================
Run 43/84
Extractor: HOG
Strategy: WEIGHTED
Environment: E1
============================================================

Evaluating Penicillium aurantiogriseum (Strain: DTO 469-I5)...
  Found 6 test sets for DTO 469-I5
Evaluating Penicillium polonicum (Strain: DTO 148-D1)...
  Found 6 test sets for DTO 148-D1
Evaluating Penicillium neoechinulatum (Strain: DTO 217-D9)...
  Found 6 test sets for DTO 217-D9
Evaluating Penicillium melanoconidium (Strain: DTO 158-D1)...
  Found 6 test sets for DTO 158-D1
Evaluating Penicillium viridicatum (Strain: DTO 163-I2)...
  Found 6 test sets for DTO 163-I2
Evaluating Penicillium freii (Strain: DTO 469-I4)...
  Found 6 test sets for DTO 469-I4
Evaluating Penicillium tricolor (Strain: DTO 470-I9)...
  Found 6 test sets for DTO 470-I9

============================================================
Run 44/84
Extractor: HOG
Strategy: WEIGHTED
Environment: all
============================================================

Evaluating Penicillium aurantiogriseum (Strain: DTO 469-I5)...
  Found 6 test sets for DTO 469-I5
Evaluating Penicillium polonicum (Strain: DTO 148-D1)...
  Found 6 test sets for DTO 148-D1
Evaluating Penicillium neoechinulatum (Strain: DTO 217-D9)...
  Found 6 test sets for DTO 217-D9
Evaluating Penicillium melanoconidium (Strain: DTO 158-D1)...
  Found 6 test sets for DTO 158-D1
Evaluating Penicillium viridicatum (Strain: DTO 163-I2)...
  Found 6 test sets for DTO 163-I2
Evaluating Penicillium freii (Strain: DTO 469-I4)...
  Found 6 test sets for DTO 469-I4
Evaluating Penicillium tricolor (Strain: DTO 470-I9)...
  Found 6 test sets for DTO 470-I9

============================================================
Run 45/84
Extractor: HOG
Strategy: WEIGHTED
Environment: E3_MEA
============================================================

Evaluating Penicillium aurantiogriseum (Strain: DTO 469-I5)...
  Found 6 test sets for DTO 469-I5
Evaluating Penicillium polonicum (Strain: DTO 148-D1)...
  Found 6 test sets for DTO 148-D1
Evaluating Penicillium neoechinulatum (Strain: DTO 217-D9)...
  Found 6 test sets for DTO 217-D9
Evaluating Penicillium melanoconidium (Strain: DTO 158-D1)...
  Found 6 test sets for DTO 158-D1
Evaluating Penicillium viridicatum (Strain: DTO 163-I2)...
  Found 6 test sets for DTO 163-I2
Evaluating Penicillium freii (Strain: DTO 469-I4)...
  Found 6 test sets for DTO 469-I4
Evaluating Penicillium tricolor (Strain: DTO 470-I9)...
  Found 6 test sets for DTO 470-I9

============================================================
Run 46/84
Extractor: HOG
Strategy: WEIGHTED
Environment: E3_DG18
============================================================

Evaluating Penicillium aurantiogriseum (Strain: DTO 469-I5)...
  Found 6 test sets for DTO 469-I5
Evaluating Penicillium polonicum (Strain: DTO 148-D1)...
  Found 6 test sets for DTO 148-D1
Evaluating Penicillium neoechinulatum (Strain: DTO 217-D9)...
  Found 6 test sets for DTO 217-D9
Evaluating Penicillium melanoconidium (Strain: DTO 158-D1)...
  Found 6 test sets for DTO 158-D1
Evaluating Penicillium viridicatum (Strain: DTO 163-I2)...
  Found 6 test sets for DTO 163-I2
Evaluating Penicillium freii (Strain: DTO 469-I4)...
  Found 6 test sets for DTO 469-I4
Evaluating Penicillium tricolor (Strain: DTO 470-I9)...
  Found 6 test sets for DTO 470-I9

============================================================
Run 47/84
Extractor: HOG
Strategy: WEIGHTED
Environment: E4_MEA
============================================================

Evaluating Penicillium aurantiogriseum (Strain: DTO 469-I5)...
  Found 6 test sets for DTO 469-I5
Evaluating Penicillium polonicum (Strain: DTO 148-D1)...
  Found 6 test sets for DTO 148-D1
Evaluating Penicillium neoechinulatum (Strain: DTO 217-D9)...
  Found 6 test sets for DTO 217-D9
Evaluating Penicillium melanoconidium (Strain: DTO 158-D1)...
  Found 6 test sets for DTO 158-D1
Evaluating Penicillium viridicatum (Strain: DTO 163-I2)...
  Found 6 test sets for DTO 163-I2
Evaluating Penicillium freii (Strain: DTO 469-I4)...
  Found 6 test sets for DTO 469-I4
Evaluating Penicillium tricolor (Strain: DTO 470-I9)...
  Found 6 test sets for DTO 470-I9

============================================================
Run 48/84
Extractor: HOG
Strategy: WEIGHTED
Environment: E4_DG18
============================================================

Evaluating Penicillium aurantiogriseum (Strain: DTO 469-I5)...
  Found 6 test sets for DTO 469-I5
Evaluating Penicillium polonicum (Strain: DTO 148-D1)...
  Found 6 test sets for DTO 148-D1
Evaluating Penicillium neoechinulatum (Strain: DTO 217-D9)...
  Found 6 test sets for DTO 217-D9
Evaluating Penicillium melanoconidium (Strain: DTO 158-D1)...
  Found 6 test sets for DTO 158-D1
Evaluating Penicillium viridicatum (Strain: DTO 163-I2)...
  Found 6 test sets for DTO 163-I2
Evaluating Penicillium freii (Strain: DTO 469-I4)...
  Found 6 test sets for DTO 469-I4
Evaluating Penicillium tricolor (Strain: DTO 470-I9)...
  Found 6 test sets for DTO 470-I9

============================================================
Run 49/84
Extractor: Gabor
Strategy: UNI
Environment: E1
============================================================

Evaluating Penicillium aurantiogriseum (Strain: DTO 469-I5)...
  Found 6 test sets for DTO 469-I5
Evaluating Penicillium polonicum (Strain: DTO 148-D1)...
  Found 6 test sets for DTO 148-D1
Evaluating Penicillium neoechinulatum (Strain: DTO 217-D9)...
  Found 6 test sets for DTO 217-D9
Evaluating Penicillium melanoconidium (Strain: DTO 158-D1)...
  Found 6 test sets for DTO 158-D1
Evaluating Penicillium viridicatum (Strain: DTO 163-I2)...
  Found 6 test sets for DTO 163-I2
Evaluating Penicillium freii (Strain: DTO 469-I4)...
  Found 6 test sets for DTO 469-I4
Evaluating Penicillium tricolor (Strain: DTO 470-I9)...
  Found 6 test sets for DTO 470-I9

============================================================
Run 50/84
Extractor: Gabor
Strategy: UNI
Environment: all
============================================================

Evaluating Penicillium aurantiogriseum (Strain: DTO 469-I5)...
  Found 6 test sets for DTO 469-I5
Evaluating Penicillium polonicum (Strain: DTO 148-D1)...
  Found 6 test sets for DTO 148-D1
Evaluating Penicillium neoechinulatum (Strain: DTO 217-D9)...
  Found 6 test sets for DTO 217-D9
Evaluating Penicillium melanoconidium (Strain: DTO 158-D1)...
  Found 6 test sets for DTO 158-D1
Evaluating Penicillium viridicatum (Strain: DTO 163-I2)...
  Found 6 test sets for DTO 163-I2
Evaluating Penicillium freii (Strain: DTO 469-I4)...
  Found 6 test sets for DTO 469-I4
Evaluating Penicillium tricolor (Strain: DTO 470-I9)...
  Found 6 test sets for DTO 470-I9

============================================================
Run 51/84
Extractor: Gabor
Strategy: UNI
Environment: E3_MEA
============================================================

Evaluating Penicillium aurantiogriseum (Strain: DTO 469-I5)...
  Found 6 test sets for DTO 469-I5
Evaluating Penicillium polonicum (Strain: DTO 148-D1)...
  Found 6 test sets for DTO 148-D1
Evaluating Penicillium neoechinulatum (Strain: DTO 217-D9)...
  Found 6 test sets for DTO 217-D9
Evaluating Penicillium melanoconidium (Strain: DTO 158-D1)...
  Found 6 test sets for DTO 158-D1
Evaluating Penicillium viridicatum (Strain: DTO 163-I2)...
  Found 6 test sets for DTO 163-I2
Evaluating Penicillium freii (Strain: DTO 469-I4)...
  Found 6 test sets for DTO 469-I4
Evaluating Penicillium tricolor (Strain: DTO 470-I9)...
  Found 6 test sets for DTO 470-I9

============================================================
Run 52/84
Extractor: Gabor
Strategy: UNI
Environment: E3_DG18
============================================================

Evaluating Penicillium aurantiogriseum (Strain: DTO 469-I5)...
  Found 6 test sets for DTO 469-I5
Evaluating Penicillium polonicum (Strain: DTO 148-D1)...
  Found 6 test sets for DTO 148-D1
Evaluating Penicillium neoechinulatum (Strain: DTO 217-D9)...
  Found 6 test sets for DTO 217-D9
Evaluating Penicillium melanoconidium (Strain: DTO 158-D1)...
  Found 6 test sets for DTO 158-D1
Evaluating Penicillium viridicatum (Strain: DTO 163-I2)...
  Found 6 test sets for DTO 163-I2
Evaluating Penicillium freii (Strain: DTO 469-I4)...
  Found 6 test sets for DTO 469-I4
Evaluating Penicillium tricolor (Strain: DTO 470-I9)...
  Found 6 test sets for DTO 470-I9

============================================================
Run 53/84
Extractor: Gabor
Strategy: UNI
Environment: E4_MEA
============================================================

Evaluating Penicillium aurantiogriseum (Strain: DTO 469-I5)...
  Found 6 test sets for DTO 469-I5
Evaluating Penicillium polonicum (Strain: DTO 148-D1)...
  Found 6 test sets for DTO 148-D1
Evaluating Penicillium neoechinulatum (Strain: DTO 217-D9)...
  Found 6 test sets for DTO 217-D9
Evaluating Penicillium melanoconidium (Strain: DTO 158-D1)...
  Found 6 test sets for DTO 158-D1
Evaluating Penicillium viridicatum (Strain: DTO 163-I2)...
  Found 6 test sets for DTO 163-I2
Evaluating Penicillium freii (Strain: DTO 469-I4)...
  Found 6 test sets for DTO 469-I4
Evaluating Penicillium tricolor (Strain: DTO 470-I9)...
  Found 6 test sets for DTO 470-I9

============================================================
Run 54/84
Extractor: Gabor
Strategy: UNI
Environment: E4_DG18
============================================================

Evaluating Penicillium aurantiogriseum (Strain: DTO 469-I5)...
  Found 6 test sets for DTO 469-I5
Evaluating Penicillium polonicum (Strain: DTO 148-D1)...
  Found 6 test sets for DTO 148-D1
Evaluating Penicillium neoechinulatum (Strain: DTO 217-D9)...
  Found 6 test sets for DTO 217-D9
Evaluating Penicillium melanoconidium (Strain: DTO 158-D1)...
  Found 6 test sets for DTO 158-D1
Evaluating Penicillium viridicatum (Strain: DTO 163-I2)...
  Found 6 test sets for DTO 163-I2
Evaluating Penicillium freii (Strain: DTO 469-I4)...
  Found 6 test sets for DTO 469-I4
Evaluating Penicillium tricolor (Strain: DTO 470-I9)...
  Found 6 test sets for DTO 470-I9

============================================================
Run 55/84
Extractor: Gabor
Strategy: WEIGHTED
Environment: E1
============================================================

Evaluating Penicillium aurantiogriseum (Strain: DTO 469-I5)...
  Found 6 test sets for DTO 469-I5
Evaluating Penicillium polonicum (Strain: DTO 148-D1)...
  Found 6 test sets for DTO 148-D1
Evaluating Penicillium neoechinulatum (Strain: DTO 217-D9)...
  Found 6 test sets for DTO 217-D9
Evaluating Penicillium melanoconidium (Strain: DTO 158-D1)...
  Found 6 test sets for DTO 158-D1
Evaluating Penicillium viridicatum (Strain: DTO 163-I2)...
  Found 6 test sets for DTO 163-I2
Evaluating Penicillium freii (Strain: DTO 469-I4)...
  Found 6 test sets for DTO 469-I4
Evaluating Penicillium tricolor (Strain: DTO 470-I9)...
  Found 6 test sets for DTO 470-I9

============================================================
Run 56/84
Extractor: Gabor
Strategy: WEIGHTED
Environment: all
============================================================

Evaluating Penicillium aurantiogriseum (Strain: DTO 469-I5)...
  Found 6 test sets for DTO 469-I5
Evaluating Penicillium polonicum (Strain: DTO 148-D1)...
  Found 6 test sets for DTO 148-D1
Evaluating Penicillium neoechinulatum (Strain: DTO 217-D9)...
  Found 6 test sets for DTO 217-D9
Evaluating Penicillium melanoconidium (Strain: DTO 158-D1)...
  Found 6 test sets for DTO 158-D1
Evaluating Penicillium viridicatum (Strain: DTO 163-I2)...
  Found 6 test sets for DTO 163-I2
Evaluating Penicillium freii (Strain: DTO 469-I4)...
  Found 6 test sets for DTO 469-I4
Evaluating Penicillium tricolor (Strain: DTO 470-I9)...
  Found 6 test sets for DTO 470-I9

============================================================
Run 57/84
Extractor: Gabor
Strategy: WEIGHTED
Environment: E3_MEA
============================================================

Evaluating Penicillium aurantiogriseum (Strain: DTO 469-I5)...
  Found 6 test sets for DTO 469-I5
Evaluating Penicillium polonicum (Strain: DTO 148-D1)...
  Found 6 test sets for DTO 148-D1
Evaluating Penicillium neoechinulatum (Strain: DTO 217-D9)...
  Found 6 test sets for DTO 217-D9
Evaluating Penicillium melanoconidium (Strain: DTO 158-D1)...
  Found 6 test sets for DTO 158-D1
Evaluating Penicillium viridicatum (Strain: DTO 163-I2)...
  Found 6 test sets for DTO 163-I2
Evaluating Penicillium freii (Strain: DTO 469-I4)...
  Found 6 test sets for DTO 469-I4
Evaluating Penicillium tricolor (Strain: DTO 470-I9)...
  Found 6 test sets for DTO 470-I9

============================================================
Run 58/84
Extractor: Gabor
Strategy: WEIGHTED
Environment: E3_DG18
============================================================

Evaluating Penicillium aurantiogriseum (Strain: DTO 469-I5)...
  Found 6 test sets for DTO 469-I5
Evaluating Penicillium polonicum (Strain: DTO 148-D1)...
  Found 6 test sets for DTO 148-D1
Evaluating Penicillium neoechinulatum (Strain: DTO 217-D9)...
  Found 6 test sets for DTO 217-D9
Evaluating Penicillium melanoconidium (Strain: DTO 158-D1)...
  Found 6 test sets for DTO 158-D1
Evaluating Penicillium viridicatum (Strain: DTO 163-I2)...
  Found 6 test sets for DTO 163-I2
Evaluating Penicillium freii (Strain: DTO 469-I4)...
  Found 6 test sets for DTO 469-I4
Evaluating Penicillium tricolor (Strain: DTO 470-I9)...
  Found 6 test sets for DTO 470-I9

============================================================
Run 59/84
Extractor: Gabor
Strategy: WEIGHTED
Environment: E4_MEA
============================================================

Evaluating Penicillium aurantiogriseum (Strain: DTO 469-I5)...
  Found 6 test sets for DTO 469-I5
Evaluating Penicillium polonicum (Strain: DTO 148-D1)...
  Found 6 test sets for DTO 148-D1
Evaluating Penicillium neoechinulatum (Strain: DTO 217-D9)...
  Found 6 test sets for DTO 217-D9
Evaluating Penicillium melanoconidium (Strain: DTO 158-D1)...
  Found 6 test sets for DTO 158-D1
Evaluating Penicillium viridicatum (Strain: DTO 163-I2)...
  Found 6 test sets for DTO 163-I2
Evaluating Penicillium freii (Strain: DTO 469-I4)...
  Found 6 test sets for DTO 469-I4
Evaluating Penicillium tricolor (Strain: DTO 470-I9)...
  Found 6 test sets for DTO 470-I9

============================================================
Run 60/84
Extractor: Gabor
Strategy: WEIGHTED
Environment: E4_DG18
============================================================

Evaluating Penicillium aurantiogriseum (Strain: DTO 469-I5)...
  Found 6 test sets for DTO 469-I5
Evaluating Penicillium polonicum (Strain: DTO 148-D1)...
  Found 6 test sets for DTO 148-D1
Evaluating Penicillium neoechinulatum (Strain: DTO 217-D9)...
  Found 6 test sets for DTO 217-D9
Evaluating Penicillium melanoconidium (Strain: DTO 158-D1)...
  Found 6 test sets for DTO 158-D1
Evaluating Penicillium viridicatum (Strain: DTO 163-I2)...
  Found 6 test sets for DTO 163-I2
Evaluating Penicillium freii (Strain: DTO 469-I4)...
  Found 6 test sets for DTO 469-I4
Evaluating Penicillium tricolor (Strain: DTO 470-I9)...
  Found 6 test sets for DTO 470-I9

============================================================
Run 61/84
Extractor: ColorHistogram
Strategy: UNI
Environment: E1
============================================================

Evaluating Penicillium aurantiogriseum (Strain: DTO 469-I5)...
  Found 6 test sets for DTO 469-I5
Evaluating Penicillium polonicum (Strain: DTO 148-D1)...
  Found 6 test sets for DTO 148-D1
Evaluating Penicillium neoechinulatum (Strain: DTO 217-D9)...
  Found 6 test sets for DTO 217-D9
Evaluating Penicillium melanoconidium (Strain: DTO 158-D1)...
  Found 6 test sets for DTO 158-D1
Evaluating Penicillium viridicatum (Strain: DTO 163-I2)...
  Found 6 test sets for DTO 163-I2
Evaluating Penicillium freii (Strain: DTO 469-I4)...
  Found 6 test sets for DTO 469-I4
Evaluating Penicillium tricolor (Strain: DTO 470-I9)...
  Found 6 test sets for DTO 470-I9

============================================================
Run 62/84
Extractor: ColorHistogram
Strategy: UNI
Environment: all
============================================================

Evaluating Penicillium aurantiogriseum (Strain: DTO 469-I5)...
  Found 6 test sets for DTO 469-I5
Evaluating Penicillium polonicum (Strain: DTO 148-D1)...
  Found 6 test sets for DTO 148-D1
Evaluating Penicillium neoechinulatum (Strain: DTO 217-D9)...
  Found 6 test sets for DTO 217-D9
Evaluating Penicillium melanoconidium (Strain: DTO 158-D1)...
  Found 6 test sets for DTO 158-D1
Evaluating Penicillium viridicatum (Strain: DTO 163-I2)...
  Found 6 test sets for DTO 163-I2
Evaluating Penicillium freii (Strain: DTO 469-I4)...
  Found 6 test sets for DTO 469-I4
Evaluating Penicillium tricolor (Strain: DTO 470-I9)...
  Found 6 test sets for DTO 470-I9

============================================================
Run 63/84
Extractor: ColorHistogram
Strategy: UNI
Environment: E3_MEA
============================================================

Evaluating Penicillium aurantiogriseum (Strain: DTO 469-I5)...
  Found 6 test sets for DTO 469-I5
Evaluating Penicillium polonicum (Strain: DTO 148-D1)...
  Found 6 test sets for DTO 148-D1
Evaluating Penicillium neoechinulatum (Strain: DTO 217-D9)...
  Found 6 test sets for DTO 217-D9
Evaluating Penicillium melanoconidium (Strain: DTO 158-D1)...
  Found 6 test sets for DTO 158-D1
Evaluating Penicillium viridicatum (Strain: DTO 163-I2)...
  Found 6 test sets for DTO 163-I2
Evaluating Penicillium freii (Strain: DTO 469-I4)...
  Found 6 test sets for DTO 469-I4
Evaluating Penicillium tricolor (Strain: DTO 470-I9)...
  Found 6 test sets for DTO 470-I9

============================================================
Run 64/84
Extractor: ColorHistogram
Strategy: UNI
Environment: E3_DG18
============================================================

Evaluating Penicillium aurantiogriseum (Strain: DTO 469-I5)...
  Found 6 test sets for DTO 469-I5
Evaluating Penicillium polonicum (Strain: DTO 148-D1)...
  Found 6 test sets for DTO 148-D1
Evaluating Penicillium neoechinulatum (Strain: DTO 217-D9)...
  Found 6 test sets for DTO 217-D9
Evaluating Penicillium melanoconidium (Strain: DTO 158-D1)...
  Found 6 test sets for DTO 158-D1
Evaluating Penicillium viridicatum (Strain: DTO 163-I2)...
  Found 6 test sets for DTO 163-I2
Evaluating Penicillium freii (Strain: DTO 469-I4)...
  Found 6 test sets for DTO 469-I4
Evaluating Penicillium tricolor (Strain: DTO 470-I9)...
  Found 6 test sets for DTO 470-I9

============================================================
Run 65/84
Extractor: ColorHistogram
Strategy: UNI
Environment: E4_MEA
============================================================

Evaluating Penicillium aurantiogriseum (Strain: DTO 469-I5)...
  Found 6 test sets for DTO 469-I5
Evaluating Penicillium polonicum (Strain: DTO 148-D1)...
  Found 6 test sets for DTO 148-D1
Evaluating Penicillium neoechinulatum (Strain: DTO 217-D9)...
  Found 6 test sets for DTO 217-D9
Evaluating Penicillium melanoconidium (Strain: DTO 158-D1)...
  Found 6 test sets for DTO 158-D1
Evaluating Penicillium viridicatum (Strain: DTO 163-I2)...
  Found 6 test sets for DTO 163-I2
Evaluating Penicillium freii (Strain: DTO 469-I4)...
  Found 6 test sets for DTO 469-I4
Evaluating Penicillium tricolor (Strain: DTO 470-I9)...
  Found 6 test sets for DTO 470-I9

============================================================
Run 66/84
Extractor: ColorHistogram
Strategy: UNI
Environment: E4_DG18
============================================================

Evaluating Penicillium aurantiogriseum (Strain: DTO 469-I5)...
  Found 6 test sets for DTO 469-I5
Evaluating Penicillium polonicum (Strain: DTO 148-D1)...
  Found 6 test sets for DTO 148-D1
Evaluating Penicillium neoechinulatum (Strain: DTO 217-D9)...
  Found 6 test sets for DTO 217-D9
Evaluating Penicillium melanoconidium (Strain: DTO 158-D1)...
  Found 6 test sets for DTO 158-D1
Evaluating Penicillium viridicatum (Strain: DTO 163-I2)...
  Found 6 test sets for DTO 163-I2
Evaluating Penicillium freii (Strain: DTO 469-I4)...
  Found 6 test sets for DTO 469-I4
Evaluating Penicillium tricolor (Strain: DTO 470-I9)...
  Found 6 test sets for DTO 470-I9

============================================================
Run 67/84
Extractor: ColorHistogram
Strategy: WEIGHTED
Environment: E1
============================================================

Evaluating Penicillium aurantiogriseum (Strain: DTO 469-I5)...
  Found 6 test sets for DTO 469-I5
Evaluating Penicillium polonicum (Strain: DTO 148-D1)...
  Found 6 test sets for DTO 148-D1
Evaluating Penicillium neoechinulatum (Strain: DTO 217-D9)...
  Found 6 test sets for DTO 217-D9
Evaluating Penicillium melanoconidium (Strain: DTO 158-D1)...
  Found 6 test sets for DTO 158-D1
Evaluating Penicillium viridicatum (Strain: DTO 163-I2)...
  Found 6 test sets for DTO 163-I2
Evaluating Penicillium freii (Strain: DTO 469-I4)...
  Found 6 test sets for DTO 469-I4
Evaluating Penicillium tricolor (Strain: DTO 470-I9)...
  Found 6 test sets for DTO 470-I9

============================================================
Run 68/84
Extractor: ColorHistogram
Strategy: WEIGHTED
Environment: all
============================================================

Evaluating Penicillium aurantiogriseum (Strain: DTO 469-I5)...
  Found 6 test sets for DTO 469-I5
Evaluating Penicillium polonicum (Strain: DTO 148-D1)...
  Found 6 test sets for DTO 148-D1
Evaluating Penicillium neoechinulatum (Strain: DTO 217-D9)...
  Found 6 test sets for DTO 217-D9
Evaluating Penicillium melanoconidium (Strain: DTO 158-D1)...
  Found 6 test sets for DTO 158-D1
Evaluating Penicillium viridicatum (Strain: DTO 163-I2)...
  Found 6 test sets for DTO 163-I2
Evaluating Penicillium freii (Strain: DTO 469-I4)...
  Found 6 test sets for DTO 469-I4
Evaluating Penicillium tricolor (Strain: DTO 470-I9)...
  Found 6 test sets for DTO 470-I9

============================================================
Run 69/84
Extractor: ColorHistogram
Strategy: WEIGHTED
Environment: E3_MEA
============================================================

Evaluating Penicillium aurantiogriseum (Strain: DTO 469-I5)...
  Found 6 test sets for DTO 469-I5
Evaluating Penicillium polonicum (Strain: DTO 148-D1)...
  Found 6 test sets for DTO 148-D1
Evaluating Penicillium neoechinulatum (Strain: DTO 217-D9)...
  Found 6 test sets for DTO 217-D9
Evaluating Penicillium melanoconidium (Strain: DTO 158-D1)...
  Found 6 test sets for DTO 158-D1
Evaluating Penicillium viridicatum (Strain: DTO 163-I2)...
  Found 6 test sets for DTO 163-I2
Evaluating Penicillium freii (Strain: DTO 469-I4)...
  Found 6 test sets for DTO 469-I4
Evaluating Penicillium tricolor (Strain: DTO 470-I9)...
  Found 6 test sets for DTO 470-I9

============================================================
Run 70/84
Extractor: ColorHistogram
Strategy: WEIGHTED
Environment: E3_DG18
============================================================

Evaluating Penicillium aurantiogriseum (Strain: DTO 469-I5)...
  Found 6 test sets for DTO 469-I5
Evaluating Penicillium polonicum (Strain: DTO 148-D1)...
  Found 6 test sets for DTO 148-D1
Evaluating Penicillium neoechinulatum (Strain: DTO 217-D9)...
  Found 6 test sets for DTO 217-D9
Evaluating Penicillium melanoconidium (Strain: DTO 158-D1)...
  Found 6 test sets for DTO 158-D1
Evaluating Penicillium viridicatum (Strain: DTO 163-I2)...
  Found 6 test sets for DTO 163-I2
Evaluating Penicillium freii (Strain: DTO 469-I4)...
  Found 6 test sets for DTO 469-I4
Evaluating Penicillium tricolor (Strain: DTO 470-I9)...
  Found 6 test sets for DTO 470-I9

============================================================
Run 71/84
Extractor: ColorHistogram
Strategy: WEIGHTED
Environment: E4_MEA
============================================================

Evaluating Penicillium aurantiogriseum (Strain: DTO 469-I5)...
  Found 6 test sets for DTO 469-I5
Evaluating Penicillium polonicum (Strain: DTO 148-D1)...
  Found 6 test sets for DTO 148-D1
Evaluating Penicillium neoechinulatum (Strain: DTO 217-D9)...
  Found 6 test sets for DTO 217-D9
Evaluating Penicillium melanoconidium (Strain: DTO 158-D1)...
  Found 6 test sets for DTO 158-D1
Evaluating Penicillium viridicatum (Strain: DTO 163-I2)...
  Found 6 test sets for DTO 163-I2
Evaluating Penicillium freii (Strain: DTO 469-I4)...
  Found 6 test sets for DTO 469-I4
Evaluating Penicillium tricolor (Strain: DTO 470-I9)...
  Found 6 test sets for DTO 470-I9

============================================================
Run 72/84
Extractor: ColorHistogram
Strategy: WEIGHTED
Environment: E4_DG18
============================================================

Evaluating Penicillium aurantiogriseum (Strain: DTO 469-I5)...
  Found 6 test sets for DTO 469-I5
Evaluating Penicillium polonicum (Strain: DTO 148-D1)...
  Found 6 test sets for DTO 148-D1
Evaluating Penicillium neoechinulatum (Strain: DTO 217-D9)...
  Found 6 test sets for DTO 217-D9
Evaluating Penicillium melanoconidium (Strain: DTO 158-D1)...
  Found 6 test sets for DTO 158-D1
Evaluating Penicillium viridicatum (Strain: DTO 163-I2)...
  Found 6 test sets for DTO 163-I2
Evaluating Penicillium freii (Strain: DTO 469-I4)...
  Found 6 test sets for DTO 469-I4
Evaluating Penicillium tricolor (Strain: DTO 470-I9)...
  Found 6 test sets for DTO 470-I9

============================================================
Run 73/84
Extractor: ColorHistogramHS
Strategy: UNI
Environment: E1
============================================================

Evaluating Penicillium aurantiogriseum (Strain: DTO 469-I5)...
  Found 6 test sets for DTO 469-I5
Evaluating Penicillium polonicum (Strain: DTO 148-D1)...
  Found 6 test sets for DTO 148-D1
Evaluating Penicillium neoechinulatum (Strain: DTO 217-D9)...
  Found 6 test sets for DTO 217-D9
Evaluating Penicillium melanoconidium (Strain: DTO 158-D1)...
  Found 6 test sets for DTO 158-D1
Evaluating Penicillium viridicatum (Strain: DTO 163-I2)...
  Found 6 test sets for DTO 163-I2
Evaluating Penicillium freii (Strain: DTO 469-I4)...
  Found 6 test sets for DTO 469-I4
Evaluating Penicillium tricolor (Strain: DTO 470-I9)...
  Found 6 test sets for DTO 470-I9

============================================================
Run 74/84
Extractor: ColorHistogramHS
Strategy: UNI
Environment: all
============================================================

Evaluating Penicillium aurantiogriseum (Strain: DTO 469-I5)...
  Found 6 test sets for DTO 469-I5
Evaluating Penicillium polonicum (Strain: DTO 148-D1)...
  Found 6 test sets for DTO 148-D1
Evaluating Penicillium neoechinulatum (Strain: DTO 217-D9)...
  Found 6 test sets for DTO 217-D9
Evaluating Penicillium melanoconidium (Strain: DTO 158-D1)...
  Found 6 test sets for DTO 158-D1
Evaluating Penicillium viridicatum (Strain: DTO 163-I2)...
  Found 6 test sets for DTO 163-I2
Evaluating Penicillium freii (Strain: DTO 469-I4)...
  Found 6 test sets for DTO 469-I4
Evaluating Penicillium tricolor (Strain: DTO 470-I9)...
  Found 6 test sets for DTO 470-I9

============================================================
Run 75/84
Extractor: ColorHistogramHS
Strategy: UNI
Environment: E3_MEA
============================================================

Evaluating Penicillium aurantiogriseum (Strain: DTO 469-I5)...
  Found 6 test sets for DTO 469-I5
Evaluating Penicillium polonicum (Strain: DTO 148-D1)...
  Found 6 test sets for DTO 148-D1
Evaluating Penicillium neoechinulatum (Strain: DTO 217-D9)...
  Found 6 test sets for DTO 217-D9
Evaluating Penicillium melanoconidium (Strain: DTO 158-D1)...
  Found 6 test sets for DTO 158-D1
Evaluating Penicillium viridicatum (Strain: DTO 163-I2)...
  Found 6 test sets for DTO 163-I2
Evaluating Penicillium freii (Strain: DTO 469-I4)...
  Found 6 test sets for DTO 469-I4
Evaluating Penicillium tricolor (Strain: DTO 470-I9)...
  Found 6 test sets for DTO 470-I9

============================================================
Run 76/84
Extractor: ColorHistogramHS
Strategy: UNI
Environment: E3_DG18
============================================================

Evaluating Penicillium aurantiogriseum (Strain: DTO 469-I5)...
  Found 6 test sets for DTO 469-I5
Evaluating Penicillium polonicum (Strain: DTO 148-D1)...
  Found 6 test sets for DTO 148-D1
Evaluating Penicillium neoechinulatum (Strain: DTO 217-D9)...
  Found 6 test sets for DTO 217-D9
Evaluating Penicillium melanoconidium (Strain: DTO 158-D1)...
  Found 6 test sets for DTO 158-D1
Evaluating Penicillium viridicatum (Strain: DTO 163-I2)...
  Found 6 test sets for DTO 163-I2
Evaluating Penicillium freii (Strain: DTO 469-I4)...
  Found 6 test sets for DTO 469-I4
Evaluating Penicillium tricolor (Strain: DTO 470-I9)...
  Found 6 test sets for DTO 470-I9

============================================================
Run 77/84
Extractor: ColorHistogramHS
Strategy: UNI
Environment: E4_MEA
============================================================

Evaluating Penicillium aurantiogriseum (Strain: DTO 469-I5)...
  Found 6 test sets for DTO 469-I5
Evaluating Penicillium polonicum (Strain: DTO 148-D1)...
  Found 6 test sets for DTO 148-D1
Evaluating Penicillium neoechinulatum (Strain: DTO 217-D9)...
  Found 6 test sets for DTO 217-D9
Evaluating Penicillium melanoconidium (Strain: DTO 158-D1)...
  Found 6 test sets for DTO 158-D1
Evaluating Penicillium viridicatum (Strain: DTO 163-I2)...
  Found 6 test sets for DTO 163-I2
Evaluating Penicillium freii (Strain: DTO 469-I4)...
  Found 6 test sets for DTO 469-I4
Evaluating Penicillium tricolor (Strain: DTO 470-I9)...
  Found 6 test sets for DTO 470-I9

============================================================
Run 78/84
Extractor: ColorHistogramHS
Strategy: UNI
Environment: E4_DG18
============================================================

Evaluating Penicillium aurantiogriseum (Strain: DTO 469-I5)...
  Found 6 test sets for DTO 469-I5
Evaluating Penicillium polonicum (Strain: DTO 148-D1)...
  Found 6 test sets for DTO 148-D1
Evaluating Penicillium neoechinulatum (Strain: DTO 217-D9)...
  Found 6 test sets for DTO 217-D9
Evaluating Penicillium melanoconidium (Strain: DTO 158-D1)...
  Found 6 test sets for DTO 158-D1
Evaluating Penicillium viridicatum (Strain: DTO 163-I2)...
  Found 6 test sets for DTO 163-I2
Evaluating Penicillium freii (Strain: DTO 469-I4)...
  Found 6 test sets for DTO 469-I4
Evaluating Penicillium tricolor (Strain: DTO 470-I9)...
  Found 6 test sets for DTO 470-I9

============================================================
Run 79/84
Extractor: ColorHistogramHS
Strategy: WEIGHTED
Environment: E1
============================================================

Evaluating Penicillium aurantiogriseum (Strain: DTO 469-I5)...
  Found 6 test sets for DTO 469-I5
Evaluating Penicillium polonicum (Strain: DTO 148-D1)...
  Found 6 test sets for DTO 148-D1
Evaluating Penicillium neoechinulatum (Strain: DTO 217-D9)...
  Found 6 test sets for DTO 217-D9
Evaluating Penicillium melanoconidium (Strain: DTO 158-D1)...
  Found 6 test sets for DTO 158-D1
Evaluating Penicillium viridicatum (Strain: DTO 163-I2)...
  Found 6 test sets for DTO 163-I2
Evaluating Penicillium freii (Strain: DTO 469-I4)...
  Found 6 test sets for DTO 469-I4
Evaluating Penicillium tricolor (Strain: DTO 470-I9)...
  Found 6 test sets for DTO 470-I9

============================================================
Run 80/84
Extractor: ColorHistogramHS
Strategy: WEIGHTED
Environment: all
============================================================

Evaluating Penicillium aurantiogriseum (Strain: DTO 469-I5)...
  Found 6 test sets for DTO 469-I5
Evaluating Penicillium polonicum (Strain: DTO 148-D1)...
  Found 6 test sets for DTO 148-D1
Evaluating Penicillium neoechinulatum (Strain: DTO 217-D9)...
  Found 6 test sets for DTO 217-D9
Evaluating Penicillium melanoconidium (Strain: DTO 158-D1)...
  Found 6 test sets for DTO 158-D1
Evaluating Penicillium viridicatum (Strain: DTO 163-I2)...
  Found 6 test sets for DTO 163-I2
Evaluating Penicillium freii (Strain: DTO 469-I4)...
  Found 6 test sets for DTO 469-I4
Evaluating Penicillium tricolor (Strain: DTO 470-I9)...
  Found 6 test sets for DTO 470-I9

============================================================
Run 81/84
Extractor: ColorHistogramHS
Strategy: WEIGHTED
Environment: E3_MEA
============================================================

Evaluating Penicillium aurantiogriseum (Strain: DTO 469-I5)...
  Found 6 test sets for DTO 469-I5
Evaluating Penicillium polonicum (Strain: DTO 148-D1)...
  Found 6 test sets for DTO 148-D1
Evaluating Penicillium neoechinulatum (Strain: DTO 217-D9)...
  Found 6 test sets for DTO 217-D9
Evaluating Penicillium melanoconidium (Strain: DTO 158-D1)...
  Found 6 test sets for DTO 158-D1
Evaluating Penicillium viridicatum (Strain: DTO 163-I2)...
  Found 6 test sets for DTO 163-I2
Evaluating Penicillium freii (Strain: DTO 469-I4)...
  Found 6 test sets for DTO 469-I4
Evaluating Penicillium tricolor (Strain: DTO 470-I9)...
  Found 6 test sets for DTO 470-I9

============================================================
Run 82/84
Extractor: ColorHistogramHS
Strategy: WEIGHTED
Environment: E3_DG18
============================================================

Evaluating Penicillium aurantiogriseum (Strain: DTO 469-I5)...
  Found 6 test sets for DTO 469-I5
Evaluating Penicillium polonicum (Strain: DTO 148-D1)...
  Found 6 test sets for DTO 148-D1
Evaluating Penicillium neoechinulatum (Strain: DTO 217-D9)...
  Found 6 test sets for DTO 217-D9
Evaluating Penicillium melanoconidium (Strain: DTO 158-D1)...
  Found 6 test sets for DTO 158-D1
Evaluating Penicillium viridicatum (Strain: DTO 163-I2)...
  Found 6 test sets for DTO 163-I2
Evaluating Penicillium freii (Strain: DTO 469-I4)...
  Found 6 test sets for DTO 469-I4
Evaluating Penicillium tricolor (Strain: DTO 470-I9)...
  Found 6 test sets for DTO 470-I9

============================================================
Run 83/84
Extractor: ColorHistogramHS
Strategy: WEIGHTED
Environment: E4_MEA
============================================================

Evaluating Penicillium aurantiogriseum (Strain: DTO 469-I5)...
  Found 6 test sets for DTO 469-I5
Evaluating Penicillium polonicum (Strain: DTO 148-D1)...
  Found 6 test sets for DTO 148-D1
Evaluating Penicillium neoechinulatum (Strain: DTO 217-D9)...
  Found 6 test sets for DTO 217-D9
Evaluating Penicillium melanoconidium (Strain: DTO 158-D1)...
  Found 6 test sets for DTO 158-D1
Evaluating Penicillium viridicatum (Strain: DTO 163-I2)...
  Found 6 test sets for DTO 163-I2
Evaluating Penicillium freii (Strain: DTO 469-I4)...
  Found 6 test sets for DTO 469-I4
Evaluating Penicillium tricolor (Strain: DTO 470-I9)...
  Found 6 test sets for DTO 470-I9

============================================================
Run 84/84
Extractor: ColorHistogramHS
Strategy: WEIGHTED
Environment: E4_DG18
============================================================

Evaluating Penicillium aurantiogriseum (Strain: DTO 469-I5)...
  Found 6 test sets for DTO 469-I5
Evaluating Penicillium polonicum (Strain: DTO 148-D1)...
  Found 6 test sets for DTO 148-D1
Evaluating Penicillium neoechinulatum (Strain: DTO 217-D9)...
  Found 6 test sets for DTO 217-D9
Evaluating Penicillium melanoconidium (Strain: DTO 158-D1)...
  Found 6 test sets for DTO 158-D1
Evaluating Penicillium viridicatum (Strain: DTO 163-I2)...
  Found 6 test sets for DTO 163-I2
Evaluating Penicillium freii (Strain: DTO 469-I4)...
  Found 6 test sets for DTO 469-I4
Evaluating Penicillium tricolor (Strain: DTO 470-I9)...
  Found 6 test sets for DTO 470-I9

============================================================
All evaluations complete! (84 total runs)
Results saved to: /home/datpham-nuoa/dev/fungal-cv-qdrant/results/run_20260116_184101_k7
CSV summary: /home/datpham-nuoa/dev/fungal-cv-qdrant/results/run_20260116_184101_k7/accuracy_summary.csv
============================================================

Top 10 Configurations by Accuracy:
--------------------------------------------------------------------------------
Rank   Extractor          Strategy     Environment  Accuracy  
--------------------------------------------------------------------------------
1      EfficientNetB1     WEIGHTED     E1           0.7143
2      EfficientNetB1     UNI          E1           0.6905
3      MobileNetV2        UNI          E4_DG18      0.6667
4      MobileNetV2        WEIGHTED     E4_DG18      0.6667
5      EfficientNetB1     UNI          E4_MEA       0.6667
6      EfficientNetB1     WEIGHTED     all          0.6667
7      EfficientNetB1     WEIGHTED     E4_MEA       0.6667
8      EfficientNetB1     WEIGHTED     E4_DG18      0.6667
9      ResNet50           UNI          E1           0.6429
10     MobileNetV2        WEIGHTED     E1           0.6429
--------------------------------------------------------------------------------
